2021-05-16 11:59:21,287 INFO org.springframework.boot.StartupInfoLogger [main] Starting PracticaDosSpringMayoApplication using Java 11.0.8 on DESKTOP-SPU9LGP with PID 12280 (C:\Users\shady\Documents\Proyectos_IntelliJ\PracticaDosSpringMayo\target\classes started by shady in C:\Users\shady\Documents\Proyectos_IntelliJ\PracticaDosSpringMayo)
2021-05-16 11:59:21,288 INFO org.springframework.boot.SpringApplication [main] No active profile set, falling back to default profiles: default
2021-05-16 11:59:21,840 INFO org.springframework.data.repository.config.RepositoryConfigurationDelegate [main] Bootstrapping Spring Data JPA repositories in DEFAULT mode.
2021-05-16 11:59:21,881 INFO org.springframework.data.repository.config.RepositoryConfigurationDelegate [main] Finished Spring Data repository scanning in 34 ms. Found 1 JPA repository interfaces.
2021-05-16 11:59:22,350 INFO org.springframework.boot.web.embedded.tomcat.TomcatWebServer [main] Tomcat initialized with port(s): 8080 (http)
2021-05-16 11:59:22,363 INFO org.apache.juli.logging.DirectJDKLog [main] Initializing ProtocolHandler ["http-nio-8080"]
2021-05-16 11:59:22,364 INFO org.apache.juli.logging.DirectJDKLog [main] Starting service [Tomcat]
2021-05-16 11:59:22,364 INFO org.apache.juli.logging.DirectJDKLog [main] Starting Servlet engine: [Apache Tomcat/9.0.45]
2021-05-16 11:59:22,469 INFO org.apache.juli.logging.DirectJDKLog [main] Initializing Spring embedded WebApplicationContext
2021-05-16 11:59:22,469 INFO org.springframework.boot.web.servlet.context.ServletWebServerApplicationContext [main] Root WebApplicationContext: initialization completed in 1149 ms
2021-05-16 11:59:22,602 INFO org.hibernate.jpa.internal.util.LogHelper [main] HHH000204: Processing PersistenceUnitInfo [name: default]
2021-05-16 11:59:22,663 INFO org.hibernate.Version [main] HHH000412: Hibernate ORM core version 5.4.30.Final
2021-05-16 11:59:22,775 INFO org.hibernate.annotations.common.reflection.java.JavaReflectionManager [main] HCANN000001: Hibernate Commons Annotations {5.1.2.Final}
2021-05-16 11:59:22,891 INFO com.zaxxer.hikari.HikariDataSource [main] HikariPool-1 - Starting...
2021-05-16 11:59:23,071 INFO com.zaxxer.hikari.HikariDataSource [main] HikariPool-1 - Start completed.
2021-05-16 11:59:23,087 INFO org.hibernate.dialect.Dialect [main] HHH000400: Using dialect: org.hibernate.dialect.MySQL55Dialect
2021-05-16 11:59:23,748 INFO org.hibernate.engine.transaction.jta.platform.internal.JtaPlatformInitiator [main] HHH000490: Using JtaPlatform implementation: [org.hibernate.engine.transaction.jta.platform.internal.NoJtaPlatform]
2021-05-16 11:59:23,749 INFO org.springframework.orm.jpa.AbstractEntityManagerFactoryBean [main] Initialized JPA EntityManagerFactory for persistence unit 'default'
2021-05-16 11:59:24,025 WARN org.springframework.boot.autoconfigure.orm.jpa.JpaBaseConfiguration$JpaWebConfiguration [main] spring.jpa.open-in-view is enabled by default. Therefore, database queries may be performed during view rendering. Explicitly configure spring.jpa.open-in-view to disable this warning
2021-05-16 11:59:24,080 INFO org.springframework.scheduling.concurrent.ExecutorConfigurationSupport [main] Initializing ExecutorService 'applicationTaskExecutor'
2021-05-16 11:59:24,438 WARN org.springframework.boot.autoconfigure.thymeleaf.ThymeleafAutoConfiguration$DefaultTemplateResolverConfiguration [main] Cannot find template location: classpath:/templates/ (please add some templates or check your Thymeleaf configuration)
2021-05-16 11:59:24,560 INFO org.apache.juli.logging.DirectJDKLog [main] Starting ProtocolHandler ["http-nio-8080"]
2021-05-16 11:59:24,600 INFO org.springframework.boot.web.embedded.tomcat.TomcatWebServer [main] Tomcat started on port(s): 8080 (http) with context path ''
2021-05-16 11:59:24,608 INFO org.springframework.boot.StartupInfoLogger [main] Started PracticaDosSpringMayoApplication in 3.763 seconds (JVM running for 4.084)
2021-05-16 12:00:10,962 INFO org.apache.juli.logging.DirectJDKLog [http-nio-8080-exec-1] Initializing Spring DispatcherServlet 'dispatcherServlet'
2021-05-16 12:00:10,963 INFO org.springframework.web.servlet.FrameworkServlet [http-nio-8080-exec-1] Initializing Servlet 'dispatcherServlet'
2021-05-16 12:00:10,967 INFO org.springframework.web.servlet.FrameworkServlet [http-nio-8080-exec-1] Completed initialization in 4 ms
2021-05-16 12:00:11,385 INFO org.springdoc.api.AbstractOpenApiResource [http-nio-8080-exec-3] Init duration for springdoc-openapi is: 235 ms
2021-05-16 12:01:20,485 INFO com.sanvalero.practicadosspringmayo.controller.LocationController [http-nio-8080-exec-7] Init addLocation
2021-05-16 12:01:20,535 INFO com.sanvalero.practicadosspringmayo.controller.LocationController [http-nio-8080-exec-7] End addLocation
2021-05-16 12:01:33,920 INFO com.sanvalero.practicadosspringmayo.controller.LocationController [http-nio-8080-exec-8] Init addLocation
2021-05-16 12:01:33,924 INFO com.sanvalero.practicadosspringmayo.controller.LocationController [http-nio-8080-exec-8] End addLocation
2021-05-16 12:01:46,145 INFO com.sanvalero.practicadosspringmayo.controller.LocationController [http-nio-8080-exec-9] Init addLocation
2021-05-16 12:01:46,150 INFO com.sanvalero.practicadosspringmayo.controller.LocationController [http-nio-8080-exec-9] End addLocation
2021-05-16 12:01:59,720 INFO com.sanvalero.practicadosspringmayo.controller.LocationController [http-nio-8080-exec-10] Init addLocation
2021-05-16 12:01:59,723 INFO com.sanvalero.practicadosspringmayo.controller.LocationController [http-nio-8080-exec-10] End addLocation
2021-05-16 12:02:16,359 INFO com.sanvalero.practicadosspringmayo.controller.LocationController [http-nio-8080-exec-1] Init addLocation
2021-05-16 12:02:16,363 INFO com.sanvalero.practicadosspringmayo.controller.LocationController [http-nio-8080-exec-1] End addLocation
2021-05-16 12:02:23,058 INFO com.sanvalero.practicadosspringmayo.controller.LocationController [http-nio-8080-exec-2] Init getLocations
2021-05-16 12:02:23,149 INFO com.sanvalero.practicadosspringmayo.controller.LocationController [http-nio-8080-exec-2] End getLocations
2021-05-16 12:02:29,790 INFO com.sanvalero.practicadosspringmayo.controller.LocationController [http-nio-8080-exec-3] Init getLocations
2021-05-16 12:02:29,801 INFO com.sanvalero.practicadosspringmayo.controller.LocationController [http-nio-8080-exec-3] End getLocationById
2021-05-16 12:31:56,499 INFO org.springframework.boot.StartupInfoLogger [main] Starting PracticaDosSpringMayoApplication using Java 11.0.8 on DESKTOP-SPU9LGP with PID 4972 (C:\Users\shady\Documents\Proyectos_IntelliJ\PracticaDosSpringMayo\target\classes started by shady in C:\Users\shady\Documents\Proyectos_IntelliJ\PracticaDosSpringMayo)
2021-05-16 12:31:56,501 INFO org.springframework.boot.SpringApplication [main] No active profile set, falling back to default profiles: default
2021-05-16 12:31:56,941 INFO org.springframework.data.repository.config.RepositoryConfigurationDelegate [main] Bootstrapping Spring Data JPA repositories in DEFAULT mode.
2021-05-16 12:31:56,978 INFO org.springframework.data.repository.config.RepositoryConfigurationDelegate [main] Finished Spring Data repository scanning in 31 ms. Found 2 JPA repository interfaces.
2021-05-16 12:31:57,373 INFO org.springframework.boot.web.embedded.tomcat.TomcatWebServer [main] Tomcat initialized with port(s): 8080 (http)
2021-05-16 12:31:57,381 INFO org.apache.juli.logging.DirectJDKLog [main] Initializing ProtocolHandler ["http-nio-8080"]
2021-05-16 12:31:57,382 INFO org.apache.juli.logging.DirectJDKLog [main] Starting service [Tomcat]
2021-05-16 12:31:57,382 INFO org.apache.juli.logging.DirectJDKLog [main] Starting Servlet engine: [Apache Tomcat/9.0.45]
2021-05-16 12:31:57,452 INFO org.apache.juli.logging.DirectJDKLog [main] Initializing Spring embedded WebApplicationContext
2021-05-16 12:31:57,452 INFO org.springframework.boot.web.servlet.context.ServletWebServerApplicationContext [main] Root WebApplicationContext: initialization completed in 924 ms
2021-05-16 12:31:57,561 INFO org.hibernate.jpa.internal.util.LogHelper [main] HHH000204: Processing PersistenceUnitInfo [name: default]
2021-05-16 12:31:57,612 INFO org.hibernate.Version [main] HHH000412: Hibernate ORM core version 5.4.30.Final
2021-05-16 12:31:57,689 INFO org.hibernate.annotations.common.reflection.java.JavaReflectionManager [main] HCANN000001: Hibernate Commons Annotations {5.1.2.Final}
2021-05-16 12:31:57,734 INFO com.zaxxer.hikari.HikariDataSource [main] HikariPool-1 - Starting...
2021-05-16 12:31:57,851 INFO com.zaxxer.hikari.HikariDataSource [main] HikariPool-1 - Start completed.
2021-05-16 12:31:57,861 INFO org.hibernate.dialect.Dialect [main] HHH000400: Using dialect: org.hibernate.dialect.MySQL55Dialect
2021-05-16 12:31:58,236 INFO org.hibernate.engine.transaction.jta.platform.internal.JtaPlatformInitiator [main] HHH000490: Using JtaPlatform implementation: [org.hibernate.engine.transaction.jta.platform.internal.NoJtaPlatform]
2021-05-16 12:31:58,241 INFO org.springframework.orm.jpa.AbstractEntityManagerFactoryBean [main] Initialized JPA EntityManagerFactory for persistence unit 'default'
2021-05-16 12:31:58,458 WARN org.springframework.boot.autoconfigure.orm.jpa.JpaBaseConfiguration$JpaWebConfiguration [main] spring.jpa.open-in-view is enabled by default. Therefore, database queries may be performed during view rendering. Explicitly configure spring.jpa.open-in-view to disable this warning
2021-05-16 12:31:58,502 INFO org.springframework.scheduling.concurrent.ExecutorConfigurationSupport [main] Initializing ExecutorService 'applicationTaskExecutor'
2021-05-16 12:31:58,767 WARN org.springframework.boot.autoconfigure.thymeleaf.ThymeleafAutoConfiguration$DefaultTemplateResolverConfiguration [main] Cannot find template location: classpath:/templates/ (please add some templates or check your Thymeleaf configuration)
2021-05-16 12:31:58,874 INFO org.apache.juli.logging.DirectJDKLog [main] Starting ProtocolHandler ["http-nio-8080"]
2021-05-16 12:31:58,889 INFO org.springframework.boot.web.embedded.tomcat.TomcatWebServer [main] Tomcat started on port(s): 8080 (http) with context path ''
2021-05-16 12:31:58,894 INFO org.springframework.boot.StartupInfoLogger [main] Started PracticaDosSpringMayoApplication in 2.696 seconds (JVM running for 2.982)
2021-05-16 12:32:11,935 INFO org.apache.juli.logging.DirectJDKLog [http-nio-8080-exec-1] Initializing Spring DispatcherServlet 'dispatcherServlet'
2021-05-16 12:32:11,937 INFO org.springframework.web.servlet.FrameworkServlet [http-nio-8080-exec-1] Initializing Servlet 'dispatcherServlet'
2021-05-16 12:32:11,938 INFO org.springframework.web.servlet.FrameworkServlet [http-nio-8080-exec-1] Completed initialization in 1 ms
2021-05-16 12:32:12,484 INFO org.springdoc.api.AbstractOpenApiResource [http-nio-8080-exec-3] Init duration for springdoc-openapi is: 367 ms
2021-05-16 12:32:56,759 INFO com.sanvalero.practicadosspringmayo.controller.FarmController [http-nio-8080-exec-5] Init addFarm
2021-05-16 12:32:56,838 INFO com.sanvalero.practicadosspringmayo.controller.FarmController [http-nio-8080-exec-5] End addFarm
2021-05-16 12:33:41,869 INFO com.sanvalero.practicadosspringmayo.controller.FarmController [http-nio-8080-exec-8] Init addFarm
2021-05-16 12:33:41,880 INFO com.sanvalero.practicadosspringmayo.controller.FarmController [http-nio-8080-exec-8] End addFarm
2021-05-16 12:34:20,931 INFO com.sanvalero.practicadosspringmayo.controller.FarmController [http-nio-8080-exec-9] Init addFarm
2021-05-16 12:34:20,939 INFO com.sanvalero.practicadosspringmayo.controller.FarmController [http-nio-8080-exec-9] End addFarm
2021-05-16 12:34:57,773 INFO com.sanvalero.practicadosspringmayo.controller.FarmController [http-nio-8080-exec-10] Init addFarm
2021-05-16 12:34:57,780 INFO com.sanvalero.practicadosspringmayo.controller.FarmController [http-nio-8080-exec-10] End addFarm
2021-05-16 12:35:30,662 INFO com.sanvalero.practicadosspringmayo.controller.FarmController [http-nio-8080-exec-1] Init addFarm
2021-05-16 12:35:30,672 INFO com.sanvalero.practicadosspringmayo.controller.FarmController [http-nio-8080-exec-1] End addFarm
2021-05-16 12:36:09,083 INFO com.sanvalero.practicadosspringmayo.controller.FarmController [http-nio-8080-exec-2] Init addFarm
2021-05-16 12:36:09,103 INFO com.sanvalero.practicadosspringmayo.controller.FarmController [http-nio-8080-exec-2] End addFarm
2021-05-16 12:36:46,540 INFO com.sanvalero.practicadosspringmayo.controller.FarmController [http-nio-8080-exec-3] Init addFarm
2021-05-16 12:36:46,547 INFO com.sanvalero.practicadosspringmayo.controller.FarmController [http-nio-8080-exec-3] End addFarm
2021-05-16 12:37:07,283 INFO com.sanvalero.practicadosspringmayo.controller.FarmController [http-nio-8080-exec-4] Init getFarms
2021-05-16 12:37:07,372 INFO com.sanvalero.practicadosspringmayo.controller.FarmController [http-nio-8080-exec-4] End getFarms
2021-05-16 12:37:16,599 INFO com.sanvalero.practicadosspringmayo.controller.FarmController [http-nio-8080-exec-5] Init getFarmById
2021-05-16 12:37:16,602 INFO com.sanvalero.practicadosspringmayo.controller.FarmController [http-nio-8080-exec-5] End getFarmById
2021-05-16 12:37:21,621 INFO com.sanvalero.practicadosspringmayo.controller.FarmController [http-nio-8080-exec-6] Init getFarmById
2021-05-16 12:37:21,630 ERROR com.sanvalero.practicadosspringmayo.controller.FarmController [http-nio-8080-exec-6] Farm not found: 8
com.sanvalero.practicadosspringmayo.exception.FarmNotFoundException: Farm not found: 8
	at com.sanvalero.practicadosspringmayo.controller.FarmController.lambda$getFarmById$0(FarmController.java:73)
	at java.base/java.util.Optional.orElseThrow(Optional.java:408)
	at com.sanvalero.practicadosspringmayo.controller.FarmController.getFarmById(FarmController.java:73)
	at java.base/jdk.internal.reflect.NativeMethodAccessorImpl.invoke0(Native Method)
	at java.base/jdk.internal.reflect.NativeMethodAccessorImpl.invoke(NativeMethodAccessorImpl.java:62)
	at java.base/jdk.internal.reflect.DelegatingMethodAccessorImpl.invoke(DelegatingMethodAccessorImpl.java:43)
	at java.base/java.lang.reflect.Method.invoke(Method.java:566)
	at org.springframework.web.method.support.InvocableHandlerMethod.doInvoke(InvocableHandlerMethod.java:197)
	at org.springframework.web.method.support.InvocableHandlerMethod.invokeForRequest(InvocableHandlerMethod.java:141)
	at org.springframework.web.servlet.mvc.method.annotation.ServletInvocableHandlerMethod.invokeAndHandle(ServletInvocableHandlerMethod.java:106)
	at org.springframework.web.servlet.mvc.method.annotation.RequestMappingHandlerAdapter.invokeHandlerMethod(RequestMappingHandlerAdapter.java:894)
	at org.springframework.web.servlet.mvc.method.annotation.RequestMappingHandlerAdapter.handleInternal(RequestMappingHandlerAdapter.java:808)
	at org.springframework.web.servlet.mvc.method.AbstractHandlerMethodAdapter.handle(AbstractHandlerMethodAdapter.java:87)
	at org.springframework.web.servlet.DispatcherServlet.doDispatch(DispatcherServlet.java:1060)
	at org.springframework.web.servlet.DispatcherServlet.doService(DispatcherServlet.java:962)
	at org.springframework.web.servlet.FrameworkServlet.processRequest(FrameworkServlet.java:1006)
	at org.springframework.web.servlet.FrameworkServlet.doGet(FrameworkServlet.java:898)
	at javax.servlet.http.HttpServlet.service(HttpServlet.java:626)
	at org.springframework.web.servlet.FrameworkServlet.service(FrameworkServlet.java:883)
	at javax.servlet.http.HttpServlet.service(HttpServlet.java:733)
	at org.apache.catalina.core.ApplicationFilterChain.internalDoFilter(ApplicationFilterChain.java:227)
	at org.apache.catalina.core.ApplicationFilterChain.doFilter(ApplicationFilterChain.java:162)
	at org.apache.tomcat.websocket.server.WsFilter.doFilter(WsFilter.java:53)
	at org.apache.catalina.core.ApplicationFilterChain.internalDoFilter(ApplicationFilterChain.java:189)
	at org.apache.catalina.core.ApplicationFilterChain.doFilter(ApplicationFilterChain.java:162)
	at org.springframework.web.servlet.resource.ResourceUrlEncodingFilter.doFilter(ResourceUrlEncodingFilter.java:67)
	at org.apache.catalina.core.ApplicationFilterChain.internalDoFilter(ApplicationFilterChain.java:189)
	at org.apache.catalina.core.ApplicationFilterChain.doFilter(ApplicationFilterChain.java:162)
	at org.springframework.web.filter.RequestContextFilter.doFilterInternal(RequestContextFilter.java:100)
	at org.springframework.web.filter.OncePerRequestFilter.doFilter(OncePerRequestFilter.java:119)
	at org.apache.catalina.core.ApplicationFilterChain.internalDoFilter(ApplicationFilterChain.java:189)
	at org.apache.catalina.core.ApplicationFilterChain.doFilter(ApplicationFilterChain.java:162)
	at org.springframework.web.filter.FormContentFilter.doFilterInternal(FormContentFilter.java:93)
	at org.springframework.web.filter.OncePerRequestFilter.doFilter(OncePerRequestFilter.java:119)
	at org.apache.catalina.core.ApplicationFilterChain.internalDoFilter(ApplicationFilterChain.java:189)
	at org.apache.catalina.core.ApplicationFilterChain.doFilter(ApplicationFilterChain.java:162)
	at org.springframework.web.filter.CharacterEncodingFilter.doFilterInternal(CharacterEncodingFilter.java:201)
	at org.springframework.web.filter.OncePerRequestFilter.doFilter(OncePerRequestFilter.java:119)
	at org.apache.catalina.core.ApplicationFilterChain.internalDoFilter(ApplicationFilterChain.java:189)
	at org.apache.catalina.core.ApplicationFilterChain.doFilter(ApplicationFilterChain.java:162)
	at org.apache.catalina.core.StandardWrapperValve.invoke(StandardWrapperValve.java:202)
	at org.apache.catalina.core.StandardContextValve.invoke(StandardContextValve.java:97)
	at org.apache.catalina.authenticator.AuthenticatorBase.invoke(AuthenticatorBase.java:542)
	at org.apache.catalina.core.StandardHostValve.invoke(StandardHostValve.java:143)
	at org.apache.catalina.valves.ErrorReportValve.invoke(ErrorReportValve.java:92)
	at org.apache.catalina.core.StandardEngineValve.invoke(StandardEngineValve.java:78)
	at org.apache.catalina.connector.CoyoteAdapter.service(CoyoteAdapter.java:357)
	at org.apache.coyote.http11.Http11Processor.service(Http11Processor.java:374)
	at org.apache.coyote.AbstractProcessorLight.process(AbstractProcessorLight.java:65)
	at org.apache.coyote.AbstractProtocol$ConnectionHandler.process(AbstractProtocol.java:893)
	at org.apache.tomcat.util.net.NioEndpoint$SocketProcessor.doRun(NioEndpoint.java:1707)
	at org.apache.tomcat.util.net.SocketProcessorBase.run(SocketProcessorBase.java:49)
	at java.base/java.util.concurrent.ThreadPoolExecutor.runWorker(ThreadPoolExecutor.java:1128)
	at java.base/java.util.concurrent.ThreadPoolExecutor$Worker.run(ThreadPoolExecutor.java:628)
	at org.apache.tomcat.util.threads.TaskThread$WrappingRunnable.run(TaskThread.java:61)
	at java.base/java.lang.Thread.run(Thread.java:834)
2021-05-16 12:37:38,056 INFO com.sanvalero.practicadosspringmayo.controller.LocationController [http-nio-8080-exec-7] Init getLocations
2021-05-16 12:37:38,061 INFO com.sanvalero.practicadosspringmayo.controller.LocationController [http-nio-8080-exec-7] End getLocations
2021-05-16 13:04:50,465 INFO org.springframework.boot.StartupInfoLogger [main] Starting PracticaDosSpringMayoApplication using Java 11.0.8 on DESKTOP-SPU9LGP with PID 7552 (C:\Users\shady\Documents\Proyectos_IntelliJ\PracticaDosSpringMayo\target\classes started by shady in C:\Users\shady\Documents\Proyectos_IntelliJ\PracticaDosSpringMayo)
2021-05-16 13:04:50,467 INFO org.springframework.boot.SpringApplication [main] No active profile set, falling back to default profiles: default
2021-05-16 13:04:50,907 INFO org.springframework.data.repository.config.RepositoryConfigurationDelegate [main] Bootstrapping Spring Data JPA repositories in DEFAULT mode.
2021-05-16 13:04:50,949 INFO org.springframework.data.repository.config.RepositoryConfigurationDelegate [main] Finished Spring Data repository scanning in 36 ms. Found 3 JPA repository interfaces.
2021-05-16 13:04:51,354 INFO org.springframework.boot.web.embedded.tomcat.TomcatWebServer [main] Tomcat initialized with port(s): 8080 (http)
2021-05-16 13:04:51,359 INFO org.apache.juli.logging.DirectJDKLog [main] Initializing ProtocolHandler ["http-nio-8080"]
2021-05-16 13:04:51,359 INFO org.apache.juli.logging.DirectJDKLog [main] Starting service [Tomcat]
2021-05-16 13:04:51,363 INFO org.apache.juli.logging.DirectJDKLog [main] Starting Servlet engine: [Apache Tomcat/9.0.45]
2021-05-16 13:04:51,440 INFO org.apache.juli.logging.DirectJDKLog [main] Initializing Spring embedded WebApplicationContext
2021-05-16 13:04:51,440 INFO org.springframework.boot.web.servlet.context.ServletWebServerApplicationContext [main] Root WebApplicationContext: initialization completed in 946 ms
2021-05-16 13:04:51,548 INFO org.hibernate.jpa.internal.util.LogHelper [main] HHH000204: Processing PersistenceUnitInfo [name: default]
2021-05-16 13:04:51,586 INFO org.hibernate.Version [main] HHH000412: Hibernate ORM core version 5.4.30.Final
2021-05-16 13:04:51,670 INFO org.hibernate.annotations.common.reflection.java.JavaReflectionManager [main] HCANN000001: Hibernate Commons Annotations {5.1.2.Final}
2021-05-16 13:04:51,727 INFO com.zaxxer.hikari.HikariDataSource [main] HikariPool-1 - Starting...
2021-05-16 13:04:51,828 INFO com.zaxxer.hikari.HikariDataSource [main] HikariPool-1 - Start completed.
2021-05-16 13:04:51,836 INFO org.hibernate.dialect.Dialect [main] HHH000400: Using dialect: org.hibernate.dialect.MySQL55Dialect
2021-05-16 13:04:52,231 INFO org.hibernate.engine.transaction.jta.platform.internal.JtaPlatformInitiator [main] HHH000490: Using JtaPlatform implementation: [org.hibernate.engine.transaction.jta.platform.internal.NoJtaPlatform]
2021-05-16 13:04:52,236 INFO org.springframework.orm.jpa.AbstractEntityManagerFactoryBean [main] Initialized JPA EntityManagerFactory for persistence unit 'default'
2021-05-16 13:04:52,463 WARN org.springframework.boot.autoconfigure.orm.jpa.JpaBaseConfiguration$JpaWebConfiguration [main] spring.jpa.open-in-view is enabled by default. Therefore, database queries may be performed during view rendering. Explicitly configure spring.jpa.open-in-view to disable this warning
2021-05-16 13:04:52,513 INFO org.springframework.scheduling.concurrent.ExecutorConfigurationSupport [main] Initializing ExecutorService 'applicationTaskExecutor'
2021-05-16 13:04:52,784 WARN org.springframework.boot.autoconfigure.thymeleaf.ThymeleafAutoConfiguration$DefaultTemplateResolverConfiguration [main] Cannot find template location: classpath:/templates/ (please add some templates or check your Thymeleaf configuration)
2021-05-16 13:04:52,890 INFO org.apache.juli.logging.DirectJDKLog [main] Starting ProtocolHandler ["http-nio-8080"]
2021-05-16 13:04:52,905 INFO org.springframework.boot.web.embedded.tomcat.TomcatWebServer [main] Tomcat started on port(s): 8080 (http) with context path ''
2021-05-16 13:04:52,912 INFO org.springframework.boot.StartupInfoLogger [main] Started PracticaDosSpringMayoApplication in 2.743 seconds (JVM running for 3.033)
2021-05-16 13:05:14,835 INFO org.apache.juli.logging.DirectJDKLog [http-nio-8080-exec-1] Initializing Spring DispatcherServlet 'dispatcherServlet'
2021-05-16 13:05:14,840 INFO org.springframework.web.servlet.FrameworkServlet [http-nio-8080-exec-1] Initializing Servlet 'dispatcherServlet'
2021-05-16 13:05:14,841 INFO org.springframework.web.servlet.FrameworkServlet [http-nio-8080-exec-1] Completed initialization in 1 ms
2021-05-16 13:05:15,587 INFO org.springdoc.api.AbstractOpenApiResource [http-nio-8080-exec-3] Init duration for springdoc-openapi is: 542 ms
2021-05-16 13:06:33,911 INFO com.sanvalero.practicadosspringmayo.controller.AnimalController [http-nio-8080-exec-7] Init addAnimal
2021-05-16 13:06:34,004 INFO com.sanvalero.practicadosspringmayo.controller.AnimalController [http-nio-8080-exec-7] End addAnimal
2021-05-16 13:06:58,608 INFO com.sanvalero.practicadosspringmayo.controller.AnimalController [http-nio-8080-exec-8] Init addAnimal
2021-05-16 13:06:58,614 INFO com.sanvalero.practicadosspringmayo.controller.AnimalController [http-nio-8080-exec-8] End addAnimal
2021-05-16 13:07:15,558 INFO com.sanvalero.practicadosspringmayo.controller.AnimalController [http-nio-8080-exec-9] Init addAnimal
2021-05-16 13:07:15,567 INFO com.sanvalero.practicadosspringmayo.controller.AnimalController [http-nio-8080-exec-9] End addAnimal
2021-05-16 13:07:27,174 INFO com.sanvalero.practicadosspringmayo.controller.AnimalController [http-nio-8080-exec-10] Init addAnimal
2021-05-16 13:07:27,181 INFO com.sanvalero.practicadosspringmayo.controller.AnimalController [http-nio-8080-exec-10] End addAnimal
2021-05-16 13:07:51,346 INFO com.sanvalero.practicadosspringmayo.controller.AnimalController [http-nio-8080-exec-1] Init addAnimal
2021-05-16 13:07:51,353 INFO com.sanvalero.practicadosspringmayo.controller.AnimalController [http-nio-8080-exec-1] End addAnimal
2021-05-16 13:08:02,113 INFO com.sanvalero.practicadosspringmayo.controller.AnimalController [http-nio-8080-exec-2] Init addAnimal
2021-05-16 13:08:02,123 INFO com.sanvalero.practicadosspringmayo.controller.AnimalController [http-nio-8080-exec-2] End addAnimal
2021-05-16 13:08:11,399 INFO com.sanvalero.practicadosspringmayo.controller.AnimalController [http-nio-8080-exec-3] Init addAnimal
2021-05-16 13:08:11,405 INFO com.sanvalero.practicadosspringmayo.controller.AnimalController [http-nio-8080-exec-3] End addAnimal
2021-05-16 13:08:22,899 INFO com.sanvalero.practicadosspringmayo.controller.AnimalController [http-nio-8080-exec-4] Init addAnimal
2021-05-16 13:08:22,908 INFO com.sanvalero.practicadosspringmayo.controller.AnimalController [http-nio-8080-exec-4] End addAnimal
2021-05-16 13:08:34,955 INFO com.sanvalero.practicadosspringmayo.controller.AnimalController [http-nio-8080-exec-5] Init addAnimal
2021-05-16 13:08:34,965 INFO com.sanvalero.practicadosspringmayo.controller.AnimalController [http-nio-8080-exec-5] End addAnimal
2021-05-16 13:08:59,317 INFO com.sanvalero.practicadosspringmayo.controller.AnimalController [http-nio-8080-exec-6] Init addAnimal
2021-05-16 13:08:59,323 INFO com.sanvalero.practicadosspringmayo.controller.AnimalController [http-nio-8080-exec-6] End addAnimal
2021-05-16 13:09:09,867 INFO com.sanvalero.practicadosspringmayo.controller.AnimalController [http-nio-8080-exec-7] Init addAnimal
2021-05-16 13:09:09,873 INFO com.sanvalero.practicadosspringmayo.controller.AnimalController [http-nio-8080-exec-7] End addAnimal
2021-05-16 13:09:22,349 INFO com.sanvalero.practicadosspringmayo.controller.AnimalController [http-nio-8080-exec-8] Init addAnimal
2021-05-16 13:09:22,356 INFO com.sanvalero.practicadosspringmayo.controller.AnimalController [http-nio-8080-exec-8] End addAnimal
2021-05-16 13:09:27,878 INFO com.sanvalero.practicadosspringmayo.controller.AnimalController [http-nio-8080-exec-9] Init addAnimal
2021-05-16 13:09:27,884 INFO com.sanvalero.practicadosspringmayo.controller.AnimalController [http-nio-8080-exec-9] End addAnimal
2021-05-16 13:09:32,228 INFO com.sanvalero.practicadosspringmayo.controller.AnimalController [http-nio-8080-exec-10] Init addAnimal
2021-05-16 13:09:32,234 INFO com.sanvalero.practicadosspringmayo.controller.AnimalController [http-nio-8080-exec-10] End addAnimal
2021-05-16 13:09:58,612 INFO com.sanvalero.practicadosspringmayo.controller.AnimalController [http-nio-8080-exec-1] Init addAnimal
2021-05-16 13:09:58,621 INFO com.sanvalero.practicadosspringmayo.controller.AnimalController [http-nio-8080-exec-1] End addAnimal
2021-05-16 13:10:23,653 INFO com.sanvalero.practicadosspringmayo.controller.AnimalController [http-nio-8080-exec-2] Init addAnimal
2021-05-16 13:10:23,661 INFO com.sanvalero.practicadosspringmayo.controller.AnimalController [http-nio-8080-exec-2] End addAnimal
2021-05-16 13:10:37,942 WARN org.springframework.web.servlet.handler.AbstractHandlerExceptionResolver [http-nio-8080-exec-3] Resolved [org.springframework.web.HttpRequestMethodNotSupportedException: Request method 'POST' not supported]
2021-05-16 13:10:46,782 INFO com.sanvalero.practicadosspringmayo.controller.AnimalController [http-nio-8080-exec-4] Init getAnimals
2021-05-16 13:10:46,865 INFO com.sanvalero.practicadosspringmayo.controller.AnimalController [http-nio-8080-exec-4] End getAnimals
2021-05-16 13:10:59,833 INFO com.sanvalero.practicadosspringmayo.controller.AnimalController [http-nio-8080-exec-5] Init getAnimalById
2021-05-16 13:10:59,837 INFO com.sanvalero.practicadosspringmayo.controller.AnimalController [http-nio-8080-exec-5] End getAnimalById
2021-05-16 13:11:34,776 INFO com.sanvalero.practicadosspringmayo.controller.AnimalController [http-nio-8080-exec-6] Init modifyAnimal
2021-05-16 13:11:34,781 INFO com.sanvalero.practicadosspringmayo.controller.AnimalController [http-nio-8080-exec-6] End modifyAnimal
2021-05-16 13:12:21,584 WARN org.springframework.web.servlet.handler.AbstractHandlerExceptionResolver [http-nio-8080-exec-7] Resolved [org.springframework.web.HttpRequestMethodNotSupportedException: Request method 'PATCH' not supported]
2021-05-16 13:12:41,151 INFO com.sanvalero.practicadosspringmayo.controller.AnimalController [http-nio-8080-exec-8] Init modifyAnimalByWeight
2021-05-16 13:12:41,157 INFO com.sanvalero.practicadosspringmayo.controller.AnimalController [http-nio-8080-exec-8] End modifyAnimalByWeight
2021-05-16 13:13:02,797 INFO com.sanvalero.practicadosspringmayo.controller.AnimalController [http-nio-8080-exec-9] Init deleteAnimal
2021-05-16 13:13:02,806 INFO com.sanvalero.practicadosspringmayo.controller.AnimalController [http-nio-8080-exec-9] End deleteAnimal
2021-05-16 13:15:09,391 INFO com.sanvalero.practicadosspringmayo.controller.FarmController [http-nio-8080-exec-2] Init addFarm
2021-05-16 13:15:09,402 INFO com.sanvalero.practicadosspringmayo.controller.FarmController [http-nio-8080-exec-2] End addFarm
2021-05-16 13:15:25,232 INFO com.sanvalero.practicadosspringmayo.controller.FarmController [http-nio-8080-exec-3] Init getFarms
2021-05-16 13:15:25,242 INFO com.sanvalero.practicadosspringmayo.controller.FarmController [http-nio-8080-exec-3] End getFarms
2021-05-16 13:15:56,463 INFO com.sanvalero.practicadosspringmayo.controller.FarmController [http-nio-8080-exec-4] Init getFarmById
2021-05-16 13:15:56,466 INFO com.sanvalero.practicadosspringmayo.controller.FarmController [http-nio-8080-exec-4] End getFarmById
2021-05-16 13:16:53,030 INFO com.sanvalero.practicadosspringmayo.controller.FarmController [http-nio-8080-exec-5] Init modifyFarm
2021-05-16 13:16:53,034 INFO com.sanvalero.practicadosspringmayo.controller.FarmController [http-nio-8080-exec-5] End modifyFarm
2021-05-16 13:17:51,175 INFO com.sanvalero.practicadosspringmayo.controller.FarmController [http-nio-8080-exec-6] Init deleteFarm
2021-05-16 13:17:51,185 INFO com.sanvalero.practicadosspringmayo.controller.FarmController [http-nio-8080-exec-6] End deleteFarm
2021-05-16 13:19:15,334 INFO com.sanvalero.practicadosspringmayo.controller.LocationController [http-nio-8080-exec-9] Init addLocation
2021-05-16 13:19:15,340 INFO com.sanvalero.practicadosspringmayo.controller.LocationController [http-nio-8080-exec-9] End addLocation
2021-05-16 13:19:23,904 INFO com.sanvalero.practicadosspringmayo.controller.LocationController [http-nio-8080-exec-10] Init getLocations
2021-05-16 13:19:23,908 INFO com.sanvalero.practicadosspringmayo.controller.LocationController [http-nio-8080-exec-10] End getLocations
2021-05-16 13:19:43,611 INFO com.sanvalero.practicadosspringmayo.controller.LocationController [http-nio-8080-exec-1] Init getLocations
2021-05-16 13:19:43,614 INFO com.sanvalero.practicadosspringmayo.controller.LocationController [http-nio-8080-exec-1] End getLocationById
2021-05-16 13:20:05,399 INFO com.sanvalero.practicadosspringmayo.controller.LocationController [http-nio-8080-exec-2] Init modifyLocation
2021-05-16 13:20:05,405 INFO com.sanvalero.practicadosspringmayo.controller.LocationController [http-nio-8080-exec-2] End modifyLocation
2021-05-16 13:20:15,317 INFO com.sanvalero.practicadosspringmayo.controller.LocationController [http-nio-8080-exec-3] Init deleteLocation
2021-05-16 13:20:15,322 INFO com.sanvalero.practicadosspringmayo.controller.LocationController [http-nio-8080-exec-3] End deleteLocation
